\BOOKMARK [0][-]{title.0}{封面}{}% 1
\BOOKMARK [0][-]{chapter*.2}{摘要}{}% 2
\BOOKMARK [0][-]{toc.0}{目录}{}% 3
\BOOKMARK [0][-]{chapter.1}{引言}{}% 4
\BOOKMARK [1][-]{section.1.1}{动机}{chapter.1}% 5
\BOOKMARK [1][-]{section.1.2}{要解决的问题}{chapter.1}% 6
\BOOKMARK [2][-]{subsection.1.2.1}{通信方式}{section.1.2}% 7
\BOOKMARK [2][-]{subsection.1.2.2}{架构方式}{section.1.2}% 8
\BOOKMARK [2][-]{subsection.1.2.3}{编程语言选择}{section.1.2}% 9
\BOOKMARK [2][-]{subsection.1.2.4}{双端环境配置}{section.1.2}% 10
\BOOKMARK [2][-]{subsection.1.2.5}{图形界面构建}{section.1.2}% 11
\BOOKMARK [2][-]{subsection.1.2.6}{数据库设计}{section.1.2}% 12
\BOOKMARK [0][-]{chapter.2}{系统设计}{}% 13
\BOOKMARK [1][-]{section.2.1}{系统总体框架}{chapter.2}% 14
\BOOKMARK [1][-]{section.2.2}{系统总体流程}{chapter.2}% 15
\BOOKMARK [1][-]{section.2.3}{登录}{chapter.2}% 16
\BOOKMARK [1][-]{section.2.4}{注册}{chapter.2}% 17
\BOOKMARK [1][-]{section.2.5}{文本发送}{chapter.2}% 18
\BOOKMARK [1][-]{section.2.6}{文本接收}{chapter.2}% 19
\BOOKMARK [1][-]{section.2.7}{图片传输}{chapter.2}% 20
\BOOKMARK [1][-]{section.2.8}{消息记录}{chapter.2}% 21
\BOOKMARK [1][-]{section.2.9}{云服务器}{chapter.2}% 22
\BOOKMARK [0][-]{chapter.3}{数据结构设计}{}% 23
\BOOKMARK [1][-]{section.3.1}{队列}{chapter.3}% 24
\BOOKMARK [1][-]{section.3.2}{文本接收}{chapter.3}% 25
\BOOKMARK [1][-]{section.3.3}{嵌套字}{chapter.3}% 26
\BOOKMARK [0][-]{chapter.4}{关键技术与系统实现}{}% 27
\BOOKMARK [1][-]{section.4.1}{登录}{chapter.4}% 28
\BOOKMARK [2][-]{subsection.4.1.1}{功能技术}{section.4.1}% 29
\BOOKMARK [2][-]{subsection.4.1.2}{实现}{section.4.1}% 30
\BOOKMARK [1][-]{section.4.2}{注册}{chapter.4}% 31
\BOOKMARK [2][-]{subsection.4.2.1}{功能技术}{section.4.2}% 32
\BOOKMARK [2][-]{subsection.4.2.2}{实现}{section.4.2}% 33
\BOOKMARK [1][-]{section.4.3}{文本发送}{chapter.4}% 34
\BOOKMARK [2][-]{subsection.4.3.1}{功能技术}{section.4.3}% 35
\BOOKMARK [2][-]{subsection.4.3.2}{实现}{section.4.3}% 36
\BOOKMARK [1][-]{section.4.4}{文本接收}{chapter.4}% 37
\BOOKMARK [2][-]{subsection.4.4.1}{功能技术}{section.4.4}% 38
\BOOKMARK [2][-]{subsection.4.4.2}{实现}{section.4.4}% 39
\BOOKMARK [1][-]{section.4.5}{图片收发}{chapter.4}% 40
\BOOKMARK [2][-]{subsection.4.5.1}{功能技术}{section.4.5}% 41
\BOOKMARK [2][-]{subsection.4.5.2}{实现}{section.4.5}% 42
\BOOKMARK [1][-]{section.4.6}{消息记录}{chapter.4}% 43
\BOOKMARK [2][-]{subsection.4.6.1}{存储}{section.4.6}% 44
\BOOKMARK [2][-]{subsection.4.6.2}{读取}{section.4.6}% 45
\BOOKMARK [1][-]{section.4.7}{多线程}{chapter.4}% 46
\BOOKMARK [2][-]{subsection.4.7.1}{优点}{section.4.7}% 47
\BOOKMARK [2][-]{subsection.4.7.2}{原理}{section.4.7}% 48
\BOOKMARK [2][-]{subsection.4.7.3}{功能技术}{section.4.7}% 49
\BOOKMARK [2][-]{subsection.4.7.4}{实现}{section.4.7}% 50
\BOOKMARK [1][-]{section.4.8}{云服务器}{chapter.4}% 51
\BOOKMARK [2][-]{subsection.4.8.1}{功能使用}{section.4.8}% 52
\BOOKMARK [2][-]{subsection.4.8.2}{端口开放}{section.4.8}% 53
\BOOKMARK [0][-]{chapter.5}{系统运行结果}{}% 54
\BOOKMARK [1][-]{section.5.1}{运行环境}{chapter.5}% 55
\BOOKMARK [1][-]{section.5.2}{运行与测试结果}{chapter.5}% 56
\BOOKMARK [2][-]{subsection.5.2.1}{登录}{section.5.2}% 57
\BOOKMARK [2][-]{subsection.5.2.2}{注册}{section.5.2}% 58
\BOOKMARK [2][-]{subsection.5.2.3}{主界面}{section.5.2}% 59
\BOOKMARK [2][-]{subsection.5.2.4}{多线程}{section.5.2}% 60
\BOOKMARK [1][-]{section.5.3}{实验结果分析}{chapter.5}% 61
\BOOKMARK [0][-]{chapter.6}{调试和改进}{}% 62
\BOOKMARK [0][-]{chapter.7}{心得和结论}{}% 63
\BOOKMARK [1][-]{section.7.1}{结论和体会}{chapter.7}% 64
\BOOKMARK [1][-]{section.7.2}{进一步改进方向}{chapter.7}% 65
\BOOKMARK [0][-]{section*.27}{参考文献}{}% 66
\BOOKMARK [0][-]{appendix.A}{代码}{}% 67
\BOOKMARK [1][-]{section.A.1}{客户端}{appendix.A}% 68
\BOOKMARK [1][-]{section.A.2}{客户端}{appendix.A}% 69
