\BOOKMARK [0][-]{title.0}{封面}{}% 1
\BOOKMARK [0][-]{chapter*.2}{摘要}{}% 2
\BOOKMARK [0][-]{toc.0}{目录}{}% 3
\BOOKMARK [0][-]{chapter.1}{引言}{}% 4
\BOOKMARK [1][-]{section.1.1}{背景}{chapter.1}% 5
\BOOKMARK [1][-]{section.1.2}{编程语言}{chapter.1}% 6
\BOOKMARK [1][-]{section.1.3}{配置环境}{chapter.1}% 7
\BOOKMARK [0][-]{chapter.2}{设计分析}{}% 8
\BOOKMARK [1][-]{section.2.1}{性能分析}{chapter.2}% 9
\BOOKMARK [1][-]{section.2.2}{需求分析}{chapter.2}% 10
\BOOKMARK [1][-]{section.2.3}{功能分析}{chapter.2}% 11
\BOOKMARK [1][-]{section.2.4}{数据库}{chapter.2}% 12
\BOOKMARK [0][-]{chapter.3}{系统功能实现}{}% 13
\BOOKMARK [1][-]{section.3.1}{登录}{chapter.3}% 14
\BOOKMARK [2][-]{subsection.3.1.1}{原理}{section.3.1}% 15
\BOOKMARK [2][-]{subsection.3.1.2}{功能设计}{section.3.1}% 16
\BOOKMARK [1][-]{section.3.2}{注册}{chapter.3}% 17
\BOOKMARK [2][-]{subsection.3.2.1}{原理}{section.3.2}% 18
\BOOKMARK [2][-]{subsection.3.2.2}{功能设计}{section.3.2}% 19
\BOOKMARK [1][-]{section.3.3}{文本发送}{chapter.3}% 20
\BOOKMARK [2][-]{subsection.3.3.1}{原理}{section.3.3}% 21
\BOOKMARK [2][-]{subsection.3.3.2}{功能设计}{section.3.3}% 22
\BOOKMARK [1][-]{section.3.4}{图片}{chapter.3}% 23
\BOOKMARK [2][-]{subsection.3.4.1}{原理}{section.3.4}% 24
\BOOKMARK [2][-]{subsection.3.4.2}{功能设计}{section.3.4}% 25
\BOOKMARK [1][-]{section.3.5}{多媒体影像}{chapter.3}% 26
\BOOKMARK [2][-]{subsection.3.5.1}{原理}{section.3.5}% 27
\BOOKMARK [2][-]{subsection.3.5.2}{功能设计}{section.3.5}% 28
\BOOKMARK [1][-]{section.3.6}{队列}{chapter.3}% 29
\BOOKMARK [2][-]{subsection.3.6.1}{优先级}{section.3.6}% 30
\BOOKMARK [2][-]{subsection.3.6.2}{应用}{section.3.6}% 31
\BOOKMARK [1][-]{section.3.7}{消息记录}{chapter.3}% 32
\BOOKMARK [2][-]{subsection.3.7.1}{存储}{section.3.7}% 33
\BOOKMARK [2][-]{subsection.3.7.2}{读取}{section.3.7}% 34
\BOOKMARK [1][-]{section.3.8}{嵌套字}{chapter.3}% 35
\BOOKMARK [1][-]{section.3.9}{云服务器}{chapter.3}% 36
\BOOKMARK [2][-]{subsection.3.9.1}{概述}{section.3.9}% 37
\BOOKMARK [2][-]{subsection.3.9.2}{端口开放}{section.3.9}% 38
\BOOKMARK [0][-]{chapter.4}{系统测试}{}% 39
\BOOKMARK [1][-]{section.4.1}{登录界面}{chapter.4}% 40
\BOOKMARK [2][-]{subsection.4.1.1}{按键提示}{section.4.1}% 41
\BOOKMARK [1][-]{section.4.2}{聊天界面}{chapter.4}% 42
\BOOKMARK [0][-]{section*.25}{参考文献}{}% 43
\BOOKMARK [0][-]{appendix.A}{代码}{}% 44
\BOOKMARK [1][-]{section.A.1}{客户端}{appendix.A}% 45
\BOOKMARK [1][-]{section.A.2}{客户端}{appendix.A}% 46
